2025-06-14 17:34:02,189 | Received raw data: '*5\r\n$3\r\nSET\r\n$4\r\nname\r\n$5\r\nAlice\r\n$2\r\nEX\r\n$1\r\n4\r\n'
2025-06-14 17:34:02,191 | Parsed command: ['SET', 'name', 'Alice', 'EX', '4']
2025-06-14 17:34:02,192 | Sent response: '+OK\r\n'
2025-06-14 17:34:04,915 | Received raw data: '*2\r\n$3\r\nGET\r\n$4\r\nname\r\n'
2025-06-14 17:34:04,916 | Parsed command: ['GET', 'name']
2025-06-14 17:34:04,917 | Sent response: '$5\r\nAlice\r\n'
2025-06-14 17:34:11,696 | Received raw data: '*2\r\n$3\r\nGET\r\n$4\r\nname\r\n'
2025-06-14 17:34:11,697 | Parsed command: ['GET', 'name']
2025-06-14 17:34:11,698 | Sent response: '$5\r\nAlice\r\n'
2025-06-14 17:51:13,691 | Received raw data: '*5\r\n$3\r\nSET\r\n$4\r\nname\r\n$5\r\nAlice\r\n$2\r\nEX\r\n$1\r\n4\r\n'
2025-06-14 17:51:13,692 | Parsed command: ['SET', 'name', 'Alice', 'EX', '4']
2025-06-14 17:51:13,692 | Sent response: '+OK\r\n'
2025-06-14 17:51:18,180 | Received raw data: '*2\r\n$3\r\nGET\r\n$4\r\nname\r\n'
2025-06-14 17:51:18,181 | Parsed command: ['GET', 'name']
2025-06-14 17:51:18,181 | Sent response: '$5\r\nAlice\r\n'
2025-06-14 17:51:26,040 | Received raw data: '*2\r\n$3\r\nGET\r\n$4\r\nname\r\n'
2025-06-14 17:51:26,040 | Parsed command: ['GET', 'name']
2025-06-14 17:51:26,040 | Sent response: '$5\r\nAlice\r\n'
2025-06-14 17:51:34,392 | Received raw data: '*2\r\n$3\r\nGET\r\n$4\r\nname\r\n'
2025-06-14 17:51:34,392 | Parsed command: ['GET', 'name']
2025-06-14 17:51:34,393 | Sent response: '$5\r\nAlice\r\n'
2025-06-14 17:52:07,566 | Received raw data: '*1\r\n$5\r\nclear\r\n'
2025-06-14 17:52:07,566 | Parsed command: ['clear']
2025-06-14 17:52:07,567 | Sent response: '- Unknown command clear\r\n'
